<?xml version="1.0" encoding="UTF-8"?>
<!-- Generated by org.testng.reporters.JUnitReportReporter -->
<testsuite hostname="IN-696XTN3" failures="0" tests="4" name="HomePage_ShopnewYogaTest" time="11.028" errors="0" timestamp="2023-05-02T18:25:32 IST" skipped="0">
  <testcase classname="HomePage_ShopnewYogaTest" name="clickShopnewyogaTest" time="1.948"/>
  <system-out/>
  <testcase classname="HomePage_ShopnewYogaTest" name="sortByPriceCollection" time="1.473"/>
  <system-out/>
  <testcase classname="HomePage_ShopnewYogaTest" name="modesTest" time="1.116"/>
  <system-out/>
  <testcase classname="HomePage_ShopnewYogaTest" name="additemtocartTest" time="6.491"/>
  <system-out/>
</testsuite> <!-- HomePage_ShopnewYogaTest -->
