<?xml version="1.0" encoding="UTF-8"?>
<!-- Generated by org.testng.reporters.JUnitReportReporter -->
<testsuite hostname="IN-696XTN3" failures="0" tests="2" name="TestNg_Classes.HomePage_ShopnewYogaTest" time="12.702" errors="0" timestamp="2023-07-12T14:34:56 IST" skipped="0">
  <testcase classname="TestNg_Classes.HomePage_ShopnewYogaTest" name="clickShopnewyogaTest" time="5.596"/>
  <system-out/>
  <testcase classname="TestNg_Classes.HomePage_ShopnewYogaTest" name="clickonstyleTest" time="7.106"/>
  <system-out/>
</testsuite> <!-- TestNg_Classes.HomePage_ShopnewYogaTest -->
