<?xml version="1.0" encoding="UTF-8"?>
<!-- Generated by org.testng.reporters.JUnitReportReporter -->
<testsuite hostname="IN-696XTN3" failures="0" tests="4" name="TestNg_Classes.Add_to_cart_pageTest" time="26.054" errors="0" timestamp="2023-07-05T13:15:36 IST" skipped="0">
  <testcase classname="TestNg_Classes.Add_to_cart_pageTest" name="clickitemTest" time="6.867"/>
  <system-out/>
  <testcase classname="TestNg_Classes.Add_to_cart_pageTest" name="selectoptions" time="4.301"/>
  <system-out/>
  <testcase classname="TestNg_Classes.Add_to_cart_pageTest" name="addtocartTest" time="7.978"/>
  <system-out/>
  <testcase classname="TestNg_Classes.Add_to_cart_pageTest" name="checkoutTest" time="6.908"/>
  <system-out/>
</testsuite> <!-- TestNg_Classes.Add_to_cart_pageTest -->
